<?xml version="1.0" encoding="UTF-8"?>
<!-- Generated by org.testng.reporters.JUnitReportReporter -->
<testsuite hostname="DESKTOP-2R05CU6" failures="0" tests="1" name="base.Loginap" time="0.021" errors="0" timestamp="2021-01-12T00:40:26 IST" skipped="0">
  <testcase classname="base.Loginap" name="username" time="0.021"/>
  <system-out/>
</testsuite> <!-- base.Loginap -->
